Array
(
    [keyword] => too faced
    [country] => us
    [apiKey] => 6e6fa6f2d9ab212fd71e8284704c7bcd
    [query] => too faced
    [itemsPerPage] => 10
    [page] => 
    [brand] => Array
        (
            [0] => bhcosmetics
            [1] => tarte
            [2] => Bobbi Brown
            [3] => lookfantastic
            [4] => Beautycounter
            [5] => Cle de Peau Beaute
            [6] => Giorgio Armani Beauty
            [7] => beautybakerie
            [8] => Girlactik Beauty
            [9] => iMomoko
            [10] => Lancome
            [11] => NARS
            [12] => Ouidad
            [13] => Pixi Beauty
            [14] => smashbox
            [15] => Space NK
            [16] => Tatcha
            [17] => Too Faced
            [18] => Violet Grey
            [19] => Beauty Bridge
            [20] => Adore Beauty
            [21] => allbeauty
        )

)

Array
(
    [keyword] => latex
    [mid] => Too Faced
    [country] => us
    [apiKey] => 6e6fa6f2d9ab212fd71e8284704c7bcd
    [query] => latex
    [itemsPerPage] => 10
    [page] => 
    [brand] => Too Faced
)

Array
(
    [keyword] => bobbi brown
    [country] => us
    [apiKey] => 6e6fa6f2d9ab212fd71e8284704c7bcd
    [query] => bobbi brown
    [itemsPerPage] => 10
    [page] => 
    [brand] => Array
        (
            [0] => bhcosmetics
            [1] => tarte
            [2] => Bobbi Brown
            [3] => lookfantastic
            [4] => Beautycounter
            [5] => Cle de Peau Beaute
            [6] => Giorgio Armani Beauty
            [7] => beautybakerie
            [8] => Girlactik Beauty
            [9] => iMomoko
            [10] => Lancome
            [11] => NARS
            [12] => Ouidad
            [13] => Pixi Beauty
            [14] => smashbox
            [15] => Space NK
            [16] => Tatcha
            [17] => Too Faced
            [18] => Violet Grey
            [19] => Beauty Bridge
            [20] => Adore Beauty
            [21] => allbeauty
        )

)

Array
(
    [keyword] => bobbi brown
    [country] => us
    [apiKey] => 6e6fa6f2d9ab212fd71e8284704c7bcd
    [query] => bobbi brown
    [itemsPerPage] => 10
    [page] => 
    [brand] => Array
        (
            [0] => bhcosmetics
            [1] => tarte
            [2] => Bobbi Brown
            [3] => lookfantastic
            [4] => Beautycounter
            [5] => Cle de Peau Beaute
            [6] => Giorgio Armani Beauty
            [7] => beautybakerie
            [8] => Girlactik Beauty
            [9] => iMomoko
            [10] => Lancome
            [11] => NARS
            [12] => Ouidad
            [13] => Pixi Beauty
            [14] => smashbox
            [15] => Space NK
            [16] => Tatcha
            [17] => Too Faced
            [18] => Violet Grey
            [19] => Beauty Bridge
            [20] => Adore Beauty
            [21] => allbeauty
        )

)

Array
(
    [keyword] => bobbi brown
    [country] => us
    [apiKey] => 6e6fa6f2d9ab212fd71e8284704c7bcd
    [query] => bobbi brown
    [itemsPerPage] => 10
    [page] => 
    [brand] => Array
        (
            [0] => bhcosmetics
            [1] => tarte
            [2] => Bobbi Brown
            [3] => lookfantastic
            [4] => Beautycounter
            [5] => Cle de Peau Beaute
            [6] => Giorgio Armani Beauty
            [7] => beautybakerie
            [8] => Girlactik Beauty
            [9] => iMomoko
            [10] => Lancome
            [11] => NARS
            [12] => Ouidad
            [13] => Pixi Beauty
            [14] => smashbox
            [15] => Space NK
            [16] => Tatcha
            [17] => Too Faced
            [18] => Violet Grey
            [19] => Beauty Bridge
            [20] => Adore Beauty
            [21] => allbeauty
        )

)

Array
(
    [keyword] => bobbi brown
    [country] => us
    [apiKey] => 6e6fa6f2d9ab212fd71e8284704c7bcd
    [query] => bobbi brown
    [itemsPerPage] => 10
    [page] => 
    [brand] => Array
        (
            [0] => bhcosmetics
            [1] => tarte
            [2] => Bobbi Brown
            [3] => lookfantastic
            [4] => Beautycounter
            [5] => Cle de Peau Beaute
            [6] => Giorgio Armani Beauty
            [7] => beautybakerie
            [8] => Girlactik Beauty
            [9] => iMomoko
            [10] => Lancome
            [11] => NARS
            [12] => Ouidad
            [13] => Pixi Beauty
            [14] => smashbox
            [15] => Space NK
            [16] => Tatcha
            [17] => Too Faced
            [18] => Violet Grey
            [19] => Beauty Bridge
            [20] => Adore Beauty
            [21] => allbeauty
        )

)

Array
(
    [keyword] => huda
    [country] => us
    [apiKey] => 6e6fa6f2d9ab212fd71e8284704c7bcd
    [query] => huda
    [itemsPerPage] => 10
    [page] => 
    [brand] => Array
        (
            [0] => bhcosmetics
            [1] => tarte
            [2] => Bobbi Brown
            [3] => lookfantastic
            [4] => Beautycounter
            [5] => Cle de Peau Beaute
            [6] => Giorgio Armani Beauty
            [7] => beautybakerie
            [8] => Girlactik Beauty
            [9] => iMomoko
            [10] => Lancome
            [11] => NARS
            [12] => Ouidad
            [13] => Pixi Beauty
            [14] => smashbox
            [15] => Space NK
            [16] => Tatcha
            [17] => Too Faced
            [18] => Violet Grey
            [19] => Beauty Bridge
            [20] => Adore Beauty
            [21] => allbeauty
        )

)

Array
(
    [keyword] => huda
    [country] => us
    [apiKey] => 6e6fa6f2d9ab212fd71e8284704c7bcd
    [query] => huda
    [itemsPerPage] => 10
    [page] => 
    [brand] => Array
        (
            [0] => bhcosmetics
            [1] => tarte
            [2] => Bobbi Brown
            [3] => lookfantastic
            [4] => Beautycounter
            [5] => Cle de Peau Beaute
            [6] => Giorgio Armani Beauty
            [7] => beautybakerie
            [8] => Girlactik Beauty
            [9] => iMomoko
            [10] => Lancome
            [11] => NARS
            [12] => Ouidad
            [13] => Pixi Beauty
            [14] => smashbox
            [15] => Space NK
            [16] => Tatcha
            [17] => Too Faced
            [18] => Violet Grey
            [19] => Beauty Bridge
            [20] => Adore Beauty
            [21] => allbeauty
        )

)

Array
(
    [keyword] => huda
    [country] => us
    [apiKey] => 6e6fa6f2d9ab212fd71e8284704c7bcd
    [query] => huda
    [itemsPerPage] => 10
    [page] => 
    [brand] => Array
        (
            [0] => bhcosmetics
            [1] => tarte
            [2] => Bobbi Brown
            [3] => lookfantastic
            [4] => Beautycounter
            [5] => Cle de Peau Beaute
            [6] => Giorgio Armani Beauty
            [7] => beautybakerie
            [8] => Girlactik Beauty
            [9] => iMomoko
            [10] => Lancome
            [11] => NARS
            [12] => Ouidad
            [13] => Pixi Beauty
            [14] => smashbox
            [15] => Space NK
            [16] => Tatcha
            [17] => Too Faced
            [18] => Violet Grey
            [19] => Beauty Bridge
            [20] => Adore Beauty
            [21] => allbeauty
        )

)

Array
(
    [keyword] => huda
    [country] => us
    [apiKey] => 6e6fa6f2d9ab212fd71e8284704c7bcd
    [query] => huda
    [itemsPerPage] => 10
    [page] => 
    [brand] => Array
        (
            [0] => bhcosmetics
            [1] => tarte
            [2] => Bobbi Brown
            [3] => lookfantastic
            [4] => Beautycounter
            [5] => Cle de Peau Beaute
            [6] => Giorgio Armani Beauty
            [7] => beautybakerie
            [8] => Girlactik Beauty
            [9] => iMomoko
            [10] => Lancome
            [11] => NARS
            [12] => Ouidad
            [13] => Pixi Beauty
            [14] => smashbox
            [15] => Space NK
            [16] => Tatcha
            [17] => Too Faced
            [18] => Violet Grey
            [19] => Beauty Bridge
            [20] => Adore Beauty
            [21] => allbeauty
        )

)

Array
(
    [keyword] => huda
    [country] => us
    [apiKey] => 6e6fa6f2d9ab212fd71e8284704c7bcd
    [query] => huda
    [itemsPerPage] => 10
    [page] => 
    [brand] => Array
        (
            [0] => bhcosmetics
            [1] => tarte
            [2] => Bobbi Brown
            [3] => lookfantastic
            [4] => Beautycounter
            [5] => Cle de Peau Beaute
            [6] => Giorgio Armani Beauty
            [7] => beautybakerie
            [8] => Girlactik Beauty
            [9] => iMomoko
            [10] => Lancome
            [11] => NARS
            [12] => Ouidad
            [13] => Pixi Beauty
            [14] => smashbox
            [15] => Space NK
            [16] => Tatcha
            [17] => Too Faced
            [18] => Violet Grey
            [19] => Beauty Bridge
            [20] => Adore Beauty
            [21] => allbeauty
        )

)

Array
(
    [keyword] => huda
    [country] => us
    [apiKey] => 6e6fa6f2d9ab212fd71e8284704c7bcd
    [query] => huda
    [itemsPerPage] => 10
    [page] => 
    [brand] => Array
        (
            [0] => bhcosmetics
            [1] => tarte
            [2] => Bobbi Brown
            [3] => lookfantastic
            [4] => Beautycounter
            [5] => Cle de Peau Beaute
            [6] => Giorgio Armani Beauty
            [7] => beautybakerie
            [8] => Girlactik Beauty
            [9] => iMomoko
            [10] => Lancome
            [11] => NARS
            [12] => Ouidad
            [13] => Pixi Beauty
            [14] => smashbox
            [15] => Space NK
            [16] => Tatcha
            [17] => Too Faced
            [18] => Violet Grey
            [19] => Beauty Bridge
            [20] => Adore Beauty
            [21] => allbeauty
        )

)

Array
(
    [keyword] => eyes
    [country] => us
    [apiKey] => 6e6fa6f2d9ab212fd71e8284704c7bcd
    [query] => eyes
    [itemsPerPage] => 10
    [page] => 
    [brand] => Array
        (
            [0] => bhcosmetics
            [1] => tarte
            [2] => Bobbi Brown
            [3] => lookfantastic
            [4] => Beautycounter
            [5] => Cle de Peau Beaute
            [6] => Giorgio Armani Beauty
            [7] => beautybakerie
            [8] => Girlactik Beauty
            [9] => iMomoko
            [10] => Lancome
            [11] => NARS
            [12] => Ouidad
            [13] => Pixi Beauty
            [14] => smashbox
            [15] => Space NK
            [16] => Tatcha
            [17] => Too Faced
            [18] => Violet Grey
            [19] => Beauty Bridge
            [20] => Adore Beauty
            [21] => allbeauty
        )

)

Array
(
    [keyword] => eyes
    [country] => us
    [apiKey] => 6e6fa6f2d9ab212fd71e8284704c7bcd
    [query] => eyes
    [itemsPerPage] => 10
    [page] => 
    [brand] => Array
        (
            [0] => bhcosmetics
            [1] => tarte
            [2] => Bobbi Brown
            [3] => lookfantastic
            [4] => Beautycounter
            [5] => Cle de Peau Beaute
            [6] => Giorgio Armani Beauty
            [7] => beautybakerie
            [8] => Girlactik Beauty
            [9] => iMomoko
            [10] => Lancome
            [11] => NARS
            [12] => Ouidad
            [13] => Pixi Beauty
            [14] => smashbox
            [15] => Space NK
            [16] => Tatcha
            [17] => Too Faced
            [18] => Violet Grey
            [19] => Beauty Bridge
            [20] => Adore Beauty
            [21] => allbeauty
        )

)

Array
(
    [keyword] => eyes
    [country] => us
    [apiKey] => 6e6fa6f2d9ab212fd71e8284704c7bcd
    [query] => eyes
    [itemsPerPage] => 10
    [page] => 
    [brand] => Array
        (
            [0] => bhcosmetics
            [1] => tarte
            [2] => Bobbi Brown
            [3] => lookfantastic
            [4] => Beautycounter
            [5] => Cle de Peau Beaute
            [6] => Giorgio Armani Beauty
            [7] => beautybakerie
            [8] => Girlactik Beauty
            [9] => iMomoko
            [10] => Lancome
            [11] => NARS
            [12] => Ouidad
            [13] => Pixi Beauty
            [14] => smashbox
            [15] => Space NK
            [16] => Tatcha
            [17] => Too Faced
            [18] => Violet Grey
            [19] => Beauty Bridge
            [20] => Adore Beauty
            [21] => allbeauty
        )

)

Array
(
    [keyword] => eyes
    [country] => us
    [apiKey] => 6e6fa6f2d9ab212fd71e8284704c7bcd
    [query] => eyes
    [itemsPerPage] => 10
    [page] => 
    [brand] => Array
        (
            [0] => bhcosmetics
            [1] => tarte
            [2] => Bobbi Brown
            [3] => lookfantastic
            [4] => Beautycounter
            [5] => Cle de Peau Beaute
            [6] => Giorgio Armani Beauty
            [7] => beautybakerie
            [8] => Girlactik Beauty
            [9] => iMomoko
            [10] => Lancome
            [11] => NARS
            [12] => Ouidad
            [13] => Pixi Beauty
            [14] => smashbox
            [15] => Space NK
            [16] => Tatcha
            [17] => Too Faced
            [18] => Violet Grey
            [19] => Beauty Bridge
            [20] => Adore Beauty
            [21] => allbeauty
        )

)

Array
(
    [keyword] => eyes
    [country] => us
    [apiKey] => 6e6fa6f2d9ab212fd71e8284704c7bcd
    [query] => eyes
    [itemsPerPage] => 10
    [page] => 
    [brand] => Array
        (
            [0] => bhcosmetics
            [1] => tarte
            [2] => Bobbi Brown
            [3] => lookfantastic
            [4] => Beautycounter
            [5] => Cle de Peau Beaute
            [6] => Giorgio Armani Beauty
            [7] => beautybakerie
            [8] => Girlactik Beauty
            [9] => iMomoko
            [10] => Lancome
            [11] => NARS
            [12] => Ouidad
            [13] => Pixi Beauty
            [14] => smashbox
            [15] => Space NK
            [16] => Tatcha
            [17] => Too Faced
            [18] => Violet Grey
            [19] => Beauty Bridge
            [20] => Adore Beauty
            [21] => allbeauty
        )

)

Array
(
    [keyword] => eyes
    [pagenumber] => 2
    [country] => us
    [apiKey] => 6e6fa6f2d9ab212fd71e8284704c7bcd
    [query] => eyes
    [itemsPerPage] => 10
    [page] => 2
    [brand] => Array
        (
            [0] => bhcosmetics
            [1] => tarte
            [2] => Bobbi Brown
            [3] => lookfantastic
            [4] => Beautycounter
            [5] => Cle de Peau Beaute
            [6] => Giorgio Armani Beauty
            [7] => beautybakerie
            [8] => Girlactik Beauty
            [9] => iMomoko
            [10] => Lancome
            [11] => NARS
            [12] => Ouidad
            [13] => Pixi Beauty
            [14] => smashbox
            [15] => Space NK
            [16] => Tatcha
            [17] => Too Faced
            [18] => Violet Grey
            [19] => Beauty Bridge
            [20] => Adore Beauty
            [21] => allbeauty
        )

)

Array
(
    [keyword] => eyes
    [pagenumber] => 3
    [country] => us
    [apiKey] => 6e6fa6f2d9ab212fd71e8284704c7bcd
    [query] => eyes
    [itemsPerPage] => 10
    [page] => 3
    [brand] => Array
        (
            [0] => bhcosmetics
            [1] => tarte
            [2] => Bobbi Brown
            [3] => lookfantastic
            [4] => Beautycounter
            [5] => Cle de Peau Beaute
            [6] => Giorgio Armani Beauty
            [7] => beautybakerie
            [8] => Girlactik Beauty
            [9] => iMomoko
            [10] => Lancome
            [11] => NARS
            [12] => Ouidad
            [13] => Pixi Beauty
            [14] => smashbox
            [15] => Space NK
            [16] => Tatcha
            [17] => Too Faced
            [18] => Violet Grey
            [19] => Beauty Bridge
            [20] => Adore Beauty
            [21] => allbeauty
        )

)

Array
(
    [keyword] => eyes
    [pagenumber] => 4
    [country] => us
    [apiKey] => 6e6fa6f2d9ab212fd71e8284704c7bcd
    [query] => eyes
    [itemsPerPage] => 10
    [page] => 4
    [brand] => Array
        (
            [0] => bhcosmetics
            [1] => tarte
            [2] => Bobbi Brown
            [3] => lookfantastic
            [4] => Beautycounter
            [5] => Cle de Peau Beaute
            [6] => Giorgio Armani Beauty
            [7] => beautybakerie
            [8] => Girlactik Beauty
            [9] => iMomoko
            [10] => Lancome
            [11] => NARS
            [12] => Ouidad
            [13] => Pixi Beauty
            [14] => smashbox
            [15] => Space NK
            [16] => Tatcha
            [17] => Too Faced
            [18] => Violet Grey
            [19] => Beauty Bridge
            [20] => Adore Beauty
            [21] => allbeauty
        )

)

Array
(
    [keyword] => eyes
    [pagenumber] => 4
    [country] => us
    [apiKey] => 6e6fa6f2d9ab212fd71e8284704c7bcd
    [query] => eyes
    [itemsPerPage] => 10
    [page] => 4
    [brand] => Array
        (
            [0] => bhcosmetics
            [1] => tarte
            [2] => Bobbi Brown
            [3] => lookfantastic
            [4] => Beautycounter
            [5] => Cle de Peau Beaute
            [6] => Giorgio Armani Beauty
            [7] => beautybakerie
            [8] => Girlactik Beauty
            [9] => iMomoko
            [10] => Lancome
            [11] => NARS
            [12] => Ouidad
            [13] => Pixi Beauty
            [14] => smashbox
            [15] => Space NK
            [16] => Tatcha
            [17] => Too Faced
            [18] => Violet Grey
            [19] => Beauty Bridge
            [20] => Adore Beauty
            [21] => allbeauty
        )

)

Array
(
    [keyword] => eyes
    [pagenumber] => 5
    [country] => us
    [apiKey] => 6e6fa6f2d9ab212fd71e8284704c7bcd
    [query] => eyes
    [itemsPerPage] => 10
    [page] => 5
    [brand] => Array
        (
            [0] => bhcosmetics
            [1] => tarte
            [2] => Bobbi Brown
            [3] => lookfantastic
            [4] => Beautycounter
            [5] => Cle de Peau Beaute
            [6] => Giorgio Armani Beauty
            [7] => beautybakerie
            [8] => Girlactik Beauty
            [9] => iMomoko
            [10] => Lancome
            [11] => NARS
            [12] => Ouidad
            [13] => Pixi Beauty
            [14] => smashbox
            [15] => Space NK
            [16] => Tatcha
            [17] => Too Faced
            [18] => Violet Grey
            [19] => Beauty Bridge
            [20] => Adore Beauty
            [21] => allbeauty
        )

)

Array
(
    [keyword] => eyes
    [pagenumber] => 5
    [country] => us
    [apiKey] => 6e6fa6f2d9ab212fd71e8284704c7bcd
    [query] => eyes
    [itemsPerPage] => 10
    [page] => 5
    [brand] => Array
        (
            [0] => bhcosmetics
            [1] => tarte
            [2] => Bobbi Brown
            [3] => lookfantastic
            [4] => Beautycounter
            [5] => Cle de Peau Beaute
            [6] => Giorgio Armani Beauty
            [7] => beautybakerie
            [8] => Girlactik Beauty
            [9] => iMomoko
            [10] => Lancome
            [11] => NARS
            [12] => Ouidad
            [13] => Pixi Beauty
            [14] => smashbox
            [15] => Space NK
            [16] => Tatcha
            [17] => Too Faced
            [18] => Violet Grey
            [19] => Beauty Bridge
            [20] => Adore Beauty
            [21] => allbeauty
        )

)

Array
(
    [keyword] => eyes
    [pagenumber] => 5
    [country] => us
    [apiKey] => 6e6fa6f2d9ab212fd71e8284704c7bcd
    [query] => eyes
    [itemsPerPage] => 10
    [page] => 5
    [brand] => Array
        (
            [0] => bhcosmetics
            [1] => tarte
            [2] => Bobbi Brown
            [3] => lookfantastic
            [4] => Beautycounter
            [5] => Cle de Peau Beaute
            [6] => Giorgio Armani Beauty
            [7] => beautybakerie
            [8] => Girlactik Beauty
            [9] => iMomoko
            [10] => Lancome
            [11] => NARS
            [12] => Ouidad
            [13] => Pixi Beauty
            [14] => smashbox
            [15] => Space NK
            [16] => Tatcha
            [17] => Too Faced
            [18] => Violet Grey
            [19] => Beauty Bridge
            [20] => Adore Beauty
            [21] => allbeauty
        )

)

Array
(
    [keyword] => eyes
    [pagenumber] => 5
    [country] => us
    [apiKey] => 6e6fa6f2d9ab212fd71e8284704c7bcd
    [query] => eyes
    [itemsPerPage] => 10
    [page] => 5
    [brand] => Array
        (
            [0] => bhcosmetics
            [1] => tarte
            [2] => Bobbi Brown
            [3] => lookfantastic
            [4] => Beautycounter
            [5] => Cle de Peau Beaute
            [6] => Giorgio Armani Beauty
            [7] => beautybakerie
            [8] => Girlactik Beauty
            [9] => iMomoko
            [10] => Lancome
            [11] => NARS
            [12] => Ouidad
            [13] => Pixi Beauty
            [14] => smashbox
            [15] => Space NK
            [16] => Tatcha
            [17] => Too Faced
            [18] => Violet Grey
            [19] => Beauty Bridge
            [20] => Adore Beauty
            [21] => allbeauty
        )

)

Array
(
    [keyword] => eyes
    [pagenumber] => 10
    [country] => us
    [apiKey] => 6e6fa6f2d9ab212fd71e8284704c7bcd
    [query] => eyes
    [itemsPerPage] => 10
    [page] => 10
    [brand] => Array
        (
            [0] => bhcosmetics
            [1] => tarte
            [2] => Bobbi Brown
            [3] => lookfantastic
            [4] => Beautycounter
            [5] => Cle de Peau Beaute
            [6] => Giorgio Armani Beauty
            [7] => beautybakerie
            [8] => Girlactik Beauty
            [9] => iMomoko
            [10] => Lancome
            [11] => NARS
            [12] => Ouidad
            [13] => Pixi Beauty
            [14] => smashbox
            [15] => Space NK
            [16] => Tatcha
            [17] => Too Faced
            [18] => Violet Grey
            [19] => Beauty Bridge
            [20] => Adore Beauty
            [21] => allbeauty
        )

)

Array
(
    [keyword] => eyes
    [pagenumber] => 6
    [country] => us
    [apiKey] => 6e6fa6f2d9ab212fd71e8284704c7bcd
    [query] => eyes
    [itemsPerPage] => 10
    [page] => 6
    [brand] => Array
        (
            [0] => bhcosmetics
            [1] => tarte
            [2] => Bobbi Brown
            [3] => lookfantastic
            [4] => Beautycounter
            [5] => Cle de Peau Beaute
            [6] => Giorgio Armani Beauty
            [7] => beautybakerie
            [8] => Girlactik Beauty
            [9] => iMomoko
            [10] => Lancome
            [11] => NARS
            [12] => Ouidad
            [13] => Pixi Beauty
            [14] => smashbox
            [15] => Space NK
            [16] => Tatcha
            [17] => Too Faced
            [18] => Violet Grey
            [19] => Beauty Bridge
            [20] => Adore Beauty
            [21] => allbeauty
        )

)

Array
(
    [keyword] => eyes
    [pagenumber] => 1
    [country] => us
    [apiKey] => 6e6fa6f2d9ab212fd71e8284704c7bcd
    [query] => eyes
    [itemsPerPage] => 10
    [page] => 1
    [brand] => Array
        (
            [0] => bhcosmetics
            [1] => tarte
            [2] => Bobbi Brown
            [3] => lookfantastic
            [4] => Beautycounter
            [5] => Cle de Peau Beaute
            [6] => Giorgio Armani Beauty
            [7] => beautybakerie
            [8] => Girlactik Beauty
            [9] => iMomoko
            [10] => Lancome
            [11] => NARS
            [12] => Ouidad
            [13] => Pixi Beauty
            [14] => smashbox
            [15] => Space NK
            [16] => Tatcha
            [17] => Too Faced
            [18] => Violet Grey
            [19] => Beauty Bridge
            [20] => Adore Beauty
            [21] => allbeauty
        )

)

Array
(
    [keyword] => eyes
    [pagenumber] => 2
    [country] => us
    [apiKey] => 6e6fa6f2d9ab212fd71e8284704c7bcd
    [query] => eyes
    [itemsPerPage] => 10
    [page] => 2
    [brand] => Array
        (
            [0] => bhcosmetics
            [1] => tarte
            [2] => Bobbi Brown
            [3] => lookfantastic
            [4] => Beautycounter
            [5] => Cle de Peau Beaute
            [6] => Giorgio Armani Beauty
            [7] => beautybakerie
            [8] => Girlactik Beauty
            [9] => iMomoko
            [10] => Lancome
            [11] => NARS
            [12] => Ouidad
            [13] => Pixi Beauty
            [14] => smashbox
            [15] => Space NK
            [16] => Tatcha
            [17] => Too Faced
            [18] => Violet Grey
            [19] => Beauty Bridge
            [20] => Adore Beauty
            [21] => allbeauty
        )

)

Array
(
    [keyword] => eyes
    [pagenumber] => 3
    [country] => us
    [apiKey] => 6e6fa6f2d9ab212fd71e8284704c7bcd
    [query] => eyes
    [itemsPerPage] => 10
    [page] => 3
    [brand] => Array
        (
            [0] => bhcosmetics
            [1] => tarte
            [2] => Bobbi Brown
            [3] => lookfantastic
            [4] => Beautycounter
            [5] => Cle de Peau Beaute
            [6] => Giorgio Armani Beauty
            [7] => beautybakerie
            [8] => Girlactik Beauty
            [9] => iMomoko
            [10] => Lancome
            [11] => NARS
            [12] => Ouidad
            [13] => Pixi Beauty
            [14] => smashbox
            [15] => Space NK
            [16] => Tatcha
            [17] => Too Faced
            [18] => Violet Grey
            [19] => Beauty Bridge
            [20] => Adore Beauty
            [21] => allbeauty
        )

)

Array
(
    [keyword] => eyes
    [pagenumber] => 3
    [country] => us
    [apiKey] => 6e6fa6f2d9ab212fd71e8284704c7bcd
    [query] => eyes
    [itemsPerPage] => 10
    [page] => 3
    [brand] => Array
        (
            [0] => bhcosmetics
            [1] => tarte
            [2] => Bobbi Brown
            [3] => lookfantastic
            [4] => Beautycounter
            [5] => Cle de Peau Beaute
            [6] => Giorgio Armani Beauty
            [7] => beautybakerie
            [8] => Girlactik Beauty
            [9] => iMomoko
            [10] => Lancome
            [11] => NARS
            [12] => Ouidad
            [13] => Pixi Beauty
            [14] => smashbox
            [15] => Space NK
            [16] => Tatcha
            [17] => Too Faced
            [18] => Violet Grey
            [19] => Beauty Bridge
            [20] => Adore Beauty
            [21] => allbeauty
        )

)

Array
(
    [keyword] => eyes
    [pagenumber] => 6
    [country] => us
    [apiKey] => 6e6fa6f2d9ab212fd71e8284704c7bcd
    [query] => eyes
    [itemsPerPage] => 10
    [page] => 6
    [brand] => Array
        (
            [0] => bhcosmetics
            [1] => tarte
            [2] => Bobbi Brown
            [3] => lookfantastic
            [4] => Beautycounter
            [5] => Cle de Peau Beaute
            [6] => Giorgio Armani Beauty
            [7] => beautybakerie
            [8] => Girlactik Beauty
            [9] => iMomoko
            [10] => Lancome
            [11] => NARS
            [12] => Ouidad
            [13] => Pixi Beauty
            [14] => smashbox
            [15] => Space NK
            [16] => Tatcha
            [17] => Too Faced
            [18] => Violet Grey
            [19] => Beauty Bridge
            [20] => Adore Beauty
            [21] => allbeauty
        )

)

Array
(
    [keyword] => eyes
    [pagenumber] => 6
    [country] => us
    [apiKey] => 6e6fa6f2d9ab212fd71e8284704c7bcd
    [query] => eyes
    [itemsPerPage] => 10
    [page] => 6
    [brand] => Array
        (
            [0] => bhcosmetics
            [1] => tarte
            [2] => Bobbi Brown
            [3] => lookfantastic
            [4] => Beautycounter
            [5] => Cle de Peau Beaute
            [6] => Giorgio Armani Beauty
            [7] => beautybakerie
            [8] => Girlactik Beauty
            [9] => iMomoko
            [10] => Lancome
            [11] => NARS
            [12] => Ouidad
            [13] => Pixi Beauty
            [14] => smashbox
            [15] => Space NK
            [16] => Tatcha
            [17] => Too Faced
            [18] => Violet Grey
            [19] => Beauty Bridge
            [20] => Adore Beauty
            [21] => allbeauty
        )

)

Array
(
    [keyword] => eyes
    [pagenumber] => 6
    [country] => us
    [apiKey] => 6e6fa6f2d9ab212fd71e8284704c7bcd
    [query] => eyes
    [itemsPerPage] => 10
    [page] => 6
    [brand] => Array
        (
            [0] => bhcosmetics
            [1] => tarte
            [2] => Bobbi Brown
            [3] => lookfantastic
            [4] => Beautycounter
            [5] => Cle de Peau Beaute
            [6] => Giorgio Armani Beauty
            [7] => beautybakerie
            [8] => Girlactik Beauty
            [9] => iMomoko
            [10] => Lancome
            [11] => NARS
            [12] => Ouidad
            [13] => Pixi Beauty
            [14] => smashbox
            [15] => Space NK
            [16] => Tatcha
            [17] => Too Faced
            [18] => Violet Grey
            [19] => Beauty Bridge
            [20] => Adore Beauty
            [21] => allbeauty
        )

)

Array
(
    [keyword] => eyes
    [pagenumber] => 6
    [country] => us
    [apiKey] => 6e6fa6f2d9ab212fd71e8284704c7bcd
    [query] => eyes
    [itemsPerPage] => 10
    [page] => 6
    [brand] => Array
        (
            [0] => bhcosmetics
            [1] => tarte
            [2] => Bobbi Brown
            [3] => lookfantastic
            [4] => Beautycounter
            [5] => Cle de Peau Beaute
            [6] => Giorgio Armani Beauty
            [7] => beautybakerie
            [8] => Girlactik Beauty
            [9] => iMomoko
            [10] => Lancome
            [11] => NARS
            [12] => Ouidad
            [13] => Pixi Beauty
            [14] => smashbox
            [15] => Space NK
            [16] => Tatcha
            [17] => Too Faced
            [18] => Violet Grey
            [19] => Beauty Bridge
            [20] => Adore Beauty
            [21] => allbeauty
        )

)

Array
(
    [keyword] => eyes
    [pagenumber] => 6
    [country] => us
    [apiKey] => 6e6fa6f2d9ab212fd71e8284704c7bcd
    [query] => eyes
    [itemsPerPage] => 10
    [page] => 6
    [brand] => Array
        (
            [0] => bhcosmetics
            [1] => tarte
            [2] => Bobbi Brown
            [3] => lookfantastic
            [4] => Beautycounter
            [5] => Cle de Peau Beaute
            [6] => Giorgio Armani Beauty
            [7] => beautybakerie
            [8] => Girlactik Beauty
            [9] => iMomoko
            [10] => Lancome
            [11] => NARS
            [12] => Ouidad
            [13] => Pixi Beauty
            [14] => smashbox
            [15] => Space NK
            [16] => Tatcha
            [17] => Too Faced
            [18] => Violet Grey
            [19] => Beauty Bridge
            [20] => Adore Beauty
            [21] => allbeauty
        )

)

Array
(
    [keyword] => eyes
    [pagenumber] => 2
    [country] => us
    [apiKey] => 6e6fa6f2d9ab212fd71e8284704c7bcd
    [query] => eyes
    [itemsPerPage] => 10
    [page] => 2
    [brand] => Array
        (
            [0] => bhcosmetics
            [1] => tarte
            [2] => Bobbi Brown
            [3] => lookfantastic
            [4] => Beautycounter
            [5] => Cle de Peau Beaute
            [6] => Giorgio Armani Beauty
            [7] => beautybakerie
            [8] => Girlactik Beauty
            [9] => iMomoko
            [10] => Lancome
            [11] => NARS
            [12] => Ouidad
            [13] => Pixi Beauty
            [14] => smashbox
            [15] => Space NK
            [16] => Tatcha
            [17] => Too Faced
            [18] => Violet Grey
            [19] => Beauty Bridge
            [20] => Adore Beauty
            [21] => allbeauty
        )

)

Array
(
    [keyword] => eyes
    [pagenumber] => 2
    [country] => us
    [apiKey] => 6e6fa6f2d9ab212fd71e8284704c7bcd
    [query] => eyes
    [itemsPerPage] => 10
    [page] => 2
    [brand] => Array
        (
            [0] => bhcosmetics
            [1] => tarte
            [2] => Bobbi Brown
            [3] => lookfantastic
            [4] => Beautycounter
            [5] => Cle de Peau Beaute
            [6] => Giorgio Armani Beauty
            [7] => beautybakerie
            [8] => Girlactik Beauty
            [9] => iMomoko
            [10] => Lancome
            [11] => NARS
            [12] => Ouidad
            [13] => Pixi Beauty
            [14] => smashbox
            [15] => Space NK
            [16] => Tatcha
            [17] => Too Faced
            [18] => Violet Grey
            [19] => Beauty Bridge
            [20] => Adore Beauty
            [21] => allbeauty
        )

)

Array
(
    [keyword] => eyes
    [pagenumber] => 2
    [country] => us
    [apiKey] => 6e6fa6f2d9ab212fd71e8284704c7bcd
    [query] => eyes
    [itemsPerPage] => 10
    [page] => 2
    [brand] => Array
        (
            [0] => bhcosmetics
            [1] => tarte
            [2] => Bobbi Brown
            [3] => lookfantastic
            [4] => Beautycounter
            [5] => Cle de Peau Beaute
            [6] => Giorgio Armani Beauty
            [7] => beautybakerie
            [8] => Girlactik Beauty
            [9] => iMomoko
            [10] => Lancome
            [11] => NARS
            [12] => Ouidad
            [13] => Pixi Beauty
            [14] => smashbox
            [15] => Space NK
            [16] => Tatcha
            [17] => Too Faced
            [18] => Violet Grey
            [19] => Beauty Bridge
            [20] => Adore Beauty
            [21] => allbeauty
        )

)

Array
(
    [keyword] => eyes
    [pagenumber] => 2
    [country] => us
    [apiKey] => 6e6fa6f2d9ab212fd71e8284704c7bcd
    [query] => eyes
    [itemsPerPage] => 10
    [page] => 2
    [brand] => Array
        (
            [0] => bhcosmetics
            [1] => tarte
            [2] => Bobbi Brown
            [3] => lookfantastic
            [4] => Beautycounter
            [5] => Cle de Peau Beaute
            [6] => Giorgio Armani Beauty
            [7] => beautybakerie
            [8] => Girlactik Beauty
            [9] => iMomoko
            [10] => Lancome
            [11] => NARS
            [12] => Ouidad
            [13] => Pixi Beauty
            [14] => smashbox
            [15] => Space NK
            [16] => Tatcha
            [17] => Too Faced
            [18] => Violet Grey
            [19] => Beauty Bridge
            [20] => Adore Beauty
            [21] => allbeauty
        )

)

Array
(
    [keyword] => eyes
    [pagenumber] => 2
    [country] => us
    [apiKey] => 6e6fa6f2d9ab212fd71e8284704c7bcd
    [query] => eyes
    [itemsPerPage] => 10
    [page] => 2
    [brand] => Array
        (
            [0] => bhcosmetics
            [1] => tarte
            [2] => Bobbi Brown
            [3] => lookfantastic
            [4] => Beautycounter
            [5] => Cle de Peau Beaute
            [6] => Giorgio Armani Beauty
            [7] => beautybakerie
            [8] => Girlactik Beauty
            [9] => iMomoko
            [10] => Lancome
            [11] => NARS
            [12] => Ouidad
            [13] => Pixi Beauty
            [14] => smashbox
            [15] => Space NK
            [16] => Tatcha
            [17] => Too Faced
            [18] => Violet Grey
            [19] => Beauty Bridge
            [20] => Adore Beauty
            [21] => allbeauty
        )

)

Array
(
    [keyword] => eyes
    [pagenumber] => 2
    [country] => us
    [apiKey] => 6e6fa6f2d9ab212fd71e8284704c7bcd
    [query] => eyes
    [itemsPerPage] => 10
    [page] => 2
    [brand] => Array
        (
            [0] => bhcosmetics
            [1] => tarte
            [2] => Bobbi Brown
            [3] => lookfantastic
            [4] => Beautycounter
            [5] => Cle de Peau Beaute
            [6] => Giorgio Armani Beauty
            [7] => beautybakerie
            [8] => Girlactik Beauty
            [9] => iMomoko
            [10] => Lancome
            [11] => NARS
            [12] => Ouidad
            [13] => Pixi Beauty
            [14] => smashbox
            [15] => Space NK
            [16] => Tatcha
            [17] => Too Faced
            [18] => Violet Grey
            [19] => Beauty Bridge
            [20] => Adore Beauty
            [21] => allbeauty
        )

)

Array
(
    [keyword] => eyes
    [pagenumber] => 2
    [country] => us
    [apiKey] => 6e6fa6f2d9ab212fd71e8284704c7bcd
    [query] => eyes
    [itemsPerPage] => 10
    [page] => 2
    [brand] => Array
        (
            [0] => bhcosmetics
            [1] => tarte
            [2] => Bobbi Brown
            [3] => lookfantastic
            [4] => Beautycounter
            [5] => Cle de Peau Beaute
            [6] => Giorgio Armani Beauty
            [7] => beautybakerie
            [8] => Girlactik Beauty
            [9] => iMomoko
            [10] => Lancome
            [11] => NARS
            [12] => Ouidad
            [13] => Pixi Beauty
            [14] => smashbox
            [15] => Space NK
            [16] => Tatcha
            [17] => Too Faced
            [18] => Violet Grey
            [19] => Beauty Bridge
            [20] => Adore Beauty
            [21] => allbeauty
        )

)

